<?xml version="1.0" encoding="UTF-8"?>
<robot generator="Robot 7.2.2 (Python 3.12.6 on win32)" generated="2025-05-02T12:14:22.800255" rpa="false" schemaversion="5">
<suite id="s1" name="IntegrationTests" source="C:\Users\marti\PycharmProjects\ElectricNose\IntegrationTests">
<suite id="s1-s1" name="Test Integarion" source="C:\Users\marti\PycharmProjects\ElectricNose\IntegrationTests\test_integarion.robot">
<test id="s1-s1-t1" name="Integration Test With Fake Sensors" line="13">
<kw name="Get Environment Variable" owner="OperatingSystem">
<msg time="2025-05-02T12:14:22.942220" level="INFO">${current_pythonpath} = </msg>
<var>${current_pythonpath}</var>
<arg>PYTHONPATH</arg>
<arg>default=</arg>
<doc>Returns the value of an environment variable with the given name.</doc>
<status status="PASS" start="2025-05-02T12:14:22.941210" elapsed="0.001010"/>
</kw>
<kw name="Set Environment Variable" owner="OperatingSystem">
<msg time="2025-05-02T12:14:22.943221" level="INFO">Environment variable 'PYTHONPATH' set to value 'C:\Users\marti\PycharmProjects\ElectricNose\IntegrationTests/mocks:'.</msg>
<arg>PYTHONPATH</arg>
<arg>${FAKE_PATH}:${current_pythonpath}</arg>
<doc>Sets an environment variable to a specified value.</doc>
<status status="PASS" start="2025-05-02T12:14:22.942220" elapsed="0.001001"/>
</kw>
<kw name="Start Process" owner="Process">
<msg time="2025-05-02T12:14:22.943221" level="INFO">Starting process:
python SensorReader/main.py</msg>
<arg>${PYTHON}</arg>
<arg>${SENSOR_READER}</arg>
<doc>Starts a new process on background.</doc>
<status status="PASS" start="2025-05-02T12:14:22.943221" elapsed="0.007042"/>
</kw>
<kw name="Sleep" owner="BuiltIn">
<msg time="2025-05-02T12:14:27.950705" level="INFO">Slept 5 seconds.</msg>
<arg>5s</arg>
<doc>Pauses the test executed for the given time.</doc>
<status status="PASS" start="2025-05-02T12:14:22.950263" elapsed="5.000442"/>
</kw>
<kw name="Start Process" owner="Process">
<msg time="2025-05-02T12:14:27.952754" level="INFO">Starting process:
bash -c "echo test_scent | python DataReader/source/data_reader.py"</msg>
<arg>bash</arg>
<arg>-c</arg>
<arg>echo test_scent | ${PYTHON} ${DATA_READER}</arg>
<doc>Starts a new process on background.</doc>
<status status="PASS" start="2025-05-02T12:14:27.951741" elapsed="0.017550"/>
</kw>
<kw name="Sleep" owner="BuiltIn">
<msg time="2025-05-02T12:14:37.971024" level="INFO">Slept 10 seconds.</msg>
<arg>10s</arg>
<doc>Pauses the test executed for the given time.</doc>
<status status="PASS" start="2025-05-02T12:14:27.970297" elapsed="10.000727"/>
</kw>
<kw name="Terminate All Processes" owner="Process">
<doc>Terminates all still running processes started by this library.</doc>
<status status="PASS" start="2025-05-02T12:14:37.972048" elapsed="0.002001"/>
</kw>
<kw name="Glob" owner="glob">
<msg time="2025-05-02T12:14:37.976093" level="INFO">${matches} = []</msg>
<var>${matches}</var>
<arg>savedData/test_scent_*.json</arg>
<doc>Return a list of paths matching a pathname pattern.</doc>
<status status="PASS" start="2025-05-02T12:14:37.975051" elapsed="0.001042"/>
</kw>
<kw name="Length Should Be" owner="BuiltIn">
<msg time="2025-05-02T12:14:37.977092" level="INFO">Length is 0.</msg>
<msg time="2025-05-02T12:14:37.978093" level="FAIL">Length of '[]' should be 1 but is 0.</msg>
<arg>${matches}</arg>
<arg>1</arg>
<doc>Verifies that the length of the given item is correct.</doc>
<status status="FAIL" start="2025-05-02T12:14:37.977092" elapsed="0.001001">Length of '[]' should be 1 but is 0.</status>
</kw>
<kw name="File Should Exist" owner="OperatingSystem">
<arg>${matches[0]}</arg>
<doc>Fails unless the given ``path`` points to an existing file.</doc>
<status status="NOT RUN" start="2025-05-02T12:14:37.979063" elapsed="0.000000"/>
</kw>
<kw name="Get File" owner="OperatingSystem">
<var>${content}</var>
<arg>${matches[0]}</arg>
<doc>Returns the contents of a specified file.</doc>
<status status="NOT RUN" start="2025-05-02T12:14:37.980092" elapsed="0.000000"/>
</kw>
<kw name="Should Contain" owner="BuiltIn">
<arg>${content}</arg>
<arg>Temperature</arg>
<doc>Fails if ``container`` does not contain ``item`` one or more times.</doc>
<status status="NOT RUN" start="2025-05-02T12:14:37.981050" elapsed="0.000000"/>
</kw>
<doc>Integration test using fake sensors with real SensorReader logic.</doc>
<status status="FAIL" start="2025-05-02T12:14:22.940415" elapsed="15.040635">Length of '[]' should be 1 but is 0.</status>
</test>
<status status="FAIL" start="2025-05-02T12:14:22.920663" elapsed="15.065951"/>
</suite>
<status status="FAIL" start="2025-05-02T12:14:22.803288" elapsed="15.187324"/>
</suite>
<statistics>
<total>
<stat pass="0" fail="1" skip="0">All Tests</stat>
</total>
<tag>
</tag>
<suite>
<stat name="IntegrationTests" id="s1" pass="0" fail="1" skip="0">IntegrationTests</stat>
<stat name="Test Integarion" id="s1-s1" pass="0" fail="1" skip="0">IntegrationTests.Test Integarion</stat>
</suite>
</statistics>
<errors>
</errors>
</robot>
